#
# There is insufficient memory for the Java Runtime Environment to continue.
# Native memory allocation (mmap) failed to map 266338304 bytes for G1 virtual space
# Possible reasons:
#   The system is out of physical RAM or swap space
#   The process is running with CompressedOops enabled, and the Java Heap may be blocking the growth of the native heap
# Possible solutions:
#   Reduce memory load on the system
#   Increase physical memory or swap space
#   Check if swap backing store is full
#   Decrease Java heap size (-Xmx/-Xms)
#   Decrease number of Java threads
#   Decrease Java thread stack sizes (-Xss)
#   Set larger code cache with -XX:ReservedCodeCacheSize=
#   JVM is running with Zero Based Compressed Oops mode in which the Java heap is
#     placed in the first 32GB address space. The Java Heap base address is the
#     maximum limit for the native heap growth. Please use -XX:HeapBaseMinAddress
#     to set the Java Heap base and to place the Java Heap above 32GB virtual address.
# This output file may be truncated or incomplete.
#
#  Out of Memory Error (os_windows.cpp:3825), pid=25896, tid=16008
#
# JRE version:  (17.0.10) (build )
# Java VM: OpenJDK 64-Bit Server VM (17.0.10+0--11609105, mixed mode, sharing, tiered, compressed oops, compressed class ptrs, g1 gc, windows-amd64)
# No core dump will be written. Minidumps are not enabled by default on client versions of Windows
#

---------------  S U M M A R Y ------------

Command Line: org.jetbrains.kotlin.cli.jvm.K2JVMCompiler @C:\Users\sebas\OneDrive\Documentos\AndroidProjects\PelisNow\app\build\20240714_10024178109030131710.compiler.options

Host: 11th Gen Intel(R) Core(TM) i5-1135G7 @ 2.40GHz, 8 cores, 15G,  Windows 11 , 64 bit Build 22621 (10.0.22621.3672)
Time: Sun Jul 14 12:03:36 2024 Hora estándar central (México) elapsed time: 0.012241 seconds (0d 0h 0m 0s)

---------------  T H R E A D  ---------------

Current thread (0x00000193a61432b0):  JavaThread "Unknown thread" [_thread_in_vm, id=16008, stack(0x00000057f1d00000,0x00000057f1e00000)]

Stack: [0x00000057f1d00000,0x00000057f1e00000]
Native frames: (J=compiled Java code, j=interpreted, Vv=VM code, C=native code)
V  [jvm.dll+0x688de9]
V  [jvm.dll+0x8423da]
V  [jvm.dll+0x84401e]
V  [jvm.dll+0x844683]
V  [jvm.dll+0x24be0f]
V  [jvm.dll+0x685bb9]
V  [jvm.dll+0x67a46a]
V  [jvm.dll+0x30cbab]
V  [jvm.dll+0x314056]
V  [jvm.dll+0x363dce]
V  [jvm.dll+0x363fff]
V  [jvm.dll+0x2e2978]
V  [jvm.dll+0x2e38e4]
V  [jvm.dll+0x812f71]
V  [jvm.dll+0x371c81]
V  [jvm.dll+0x7f1ac6]
V  [jvm.dll+0x3f58df]
V  [jvm.dll+0x3f7511]
C  [jli.dll+0x528f]
C  [ucrtbase.dll+0x29333]
C  [KERNEL32.DLL+0x1257d]
C  [ntdll.dll+0x5af28]


---------------  P R O C E S S  ---------------

Threads class SMR info:
_java_thread_list=0x00007ffcfd88ef58, length=0, elements={
}

Java Threads: ( => current thread )

Other Threads:
  0x00000193a61ae740 GCTaskThread "GC Thread#0" [stack: 0x00000057f1e00000,0x00000057f1f00000] [id=17276]
  0x00000193a61c0330 ConcurrentGCThread "G1 Main Marker" [stack: 0x00000057f1f00000,0x00000057f2000000] [id=24876]
  0x00000193a61c14f0 ConcurrentGCThread "G1 Conc#0" [stack: 0x00000057f2000000,0x00000057f2100000] [id=25248]

[error occurred during error reporting (printing all threads), id 0xc0000005, EXCEPTION_ACCESS_VIOLATION (0xc0000005) at pc=0x00007ffcfd043547]

VM state: not at safepoint (not fully initialized)

VM Mutex/Monitor currently owned by a thread:  ([mutex/lock_event])
[0x00000193a613e400] Heap_lock - owner thread: 0x00000193a61432b0

Heap address: 0x0000000703600000, size: 4042 MB, Compressed Oops mode: Zero based, Oop shift amount: 3

CDS archive(s) mapped at: [0x0000000000000000-0x0000000000000000-0x0000000000000000), size 0, SharedBaseAddress: 0x0000000800000000, ArchiveRelocationMode: 1.
Narrow klass base: 0x0000000000000000, Narrow klass shift: 0, Narrow klass range: 0x0

GC Precious Log:
<Empty>

Heap:
 garbage-first heap   total 0K, used 0K [0x0000000703600000, 0x0000000800000000)
  region size 2048K, 0 young (0K), 0 survivors (0K)
 Metaspace       used 0K, committed 0K, reserved 0K
  class space    used 0K, committed 0K, reserved 0K

Heap Regions: E=young(eden), S=young(survivor), O=old, HS=humongous(starts), HC=humongous(continues), CS=collection set, F=free, OA=open archive, CA=closed archive, TAMS=top-at-mark-start (previous, next)

Card table byte_map: [0x00000193b9140000,0x00000193b9930000] _byte_map_base: 0x00000193b5925000

Marking Bits (Prev, Next): (CMBitMap*) 0x00000193a61aed60, (CMBitMap*) 0x00000193a61aeda0
 Prev Bits: [0x00000193ba120000, 0x00000193be048000)
 Next Bits: [0x00000193be050000, 0x00000193c1f78000)

GC Heap History (0 events):
No events

Dll operation events (1 events):
Event: 0.007 Loaded shared library C:\Program Files\Android\Android Studio1\jbr\bin\java.dll

Deoptimization events (0 events):
No events

Classes unloaded (0 events):
No events

Classes redefined (0 events):
No events

Internal exceptions (0 events):
No events

VM Operations (0 events):
No events

Events (0 events):
No events


Dynamic libraries:
0x00007ff7b0f30000 - 0x00007ff7b0f3a000 	C:\Program Files\Android\Android Studio1\jbr\bin\java.exe
0x00007ffd9a4b0000 - 0x00007ffd9a6c7000 	C:\WINDOWS\SYSTEM32\ntdll.dll
0x00007ffd874b0000 - 0x00007ffd874ca000 	C:\Program Files\AVG\Antivirus\aswhook.dll
0x00007ffd99540000 - 0x00007ffd99604000 	C:\WINDOWS\System32\KERNEL32.DLL
0x00007ffd977e0000 - 0x00007ffd97b8d000 	C:\WINDOWS\System32\KERNELBASE.dll
0x00007ffd97c30000 - 0x00007ffd97d41000 	C:\WINDOWS\System32\ucrtbase.dll
0x00007ffd75030000 - 0x00007ffd75047000 	C:\Program Files\Android\Android Studio1\jbr\bin\jli.dll
0x00007ffd90680000 - 0x00007ffd9069b000 	C:\Program Files\Android\Android Studio1\jbr\bin\VCRUNTIME140.dll
0x00007ffd998f0000 - 0x00007ffd99a9e000 	C:\WINDOWS\System32\USER32.dll
0x00007ffd980a0000 - 0x00007ffd980c6000 	C:\WINDOWS\System32\win32u.dll
0x00007ffd63090000 - 0x00007ffd63323000 	C:\WINDOWS\WinSxS\amd64_microsoft.windows.common-controls_6595b64144ccf1df_6.0.22621.3672_none_2713b9d173822955\COMCTL32.dll
0x00007ffd984c0000 - 0x00007ffd984e9000 	C:\WINDOWS\System32\GDI32.dll
0x00007ffd99ab0000 - 0x00007ffd99b57000 	C:\WINDOWS\System32\msvcrt.dll
0x00007ffd980d0000 - 0x00007ffd981e9000 	C:\WINDOWS\System32\gdi32full.dll
0x00007ffd97dd0000 - 0x00007ffd97e6a000 	C:\WINDOWS\System32\msvcp_win.dll
0x00007ffd9a430000 - 0x00007ffd9a461000 	C:\WINDOWS\System32\IMM32.DLL
0x00007ffd93740000 - 0x00007ffd9374c000 	C:\Program Files\Android\Android Studio1\jbr\bin\vcruntime140_1.dll
0x00007ffd60500000 - 0x00007ffd6058d000 	C:\Program Files\Android\Android Studio1\jbr\bin\msvcp140.dll
0x00007ffcfcd50000 - 0x00007ffcfd9d3000 	C:\Program Files\Android\Android Studio1\jbr\bin\server\jvm.dll
0x00007ffd9a2f0000 - 0x00007ffd9a3a2000 	C:\WINDOWS\System32\ADVAPI32.dll
0x00007ffd99490000 - 0x00007ffd99539000 	C:\WINDOWS\System32\sechost.dll
0x00007ffd97b90000 - 0x00007ffd97bb8000 	C:\WINDOWS\System32\bcrypt.dll
0x00007ffd983a0000 - 0x00007ffd984b4000 	C:\WINDOWS\System32\RPCRT4.dll
0x00007ffd97080000 - 0x00007ffd970cd000 	C:\WINDOWS\SYSTEM32\POWRPROF.dll
0x00007ffd93840000 - 0x00007ffd93874000 	C:\WINDOWS\SYSTEM32\WINMM.dll
0x00007ffd87d00000 - 0x00007ffd87d09000 	C:\WINDOWS\SYSTEM32\WSOCK32.dll
0x00007ffd91e00000 - 0x00007ffd91e0a000 	C:\WINDOWS\SYSTEM32\VERSION.dll
0x00007ffd9a3b0000 - 0x00007ffd9a421000 	C:\WINDOWS\System32\WS2_32.dll
0x00007ffd97060000 - 0x00007ffd97073000 	C:\WINDOWS\SYSTEM32\UMPDC.dll
0x00007ffd96810000 - 0x00007ffd96828000 	C:\WINDOWS\SYSTEM32\kernel.appcore.dll
0x00007ffd94150000 - 0x00007ffd9415a000 	C:\Program Files\Android\Android Studio1\jbr\bin\jimage.dll
0x00007ffd90180000 - 0x00007ffd903b2000 	C:\WINDOWS\SYSTEM32\DBGHELP.DLL
0x00007ffd99f60000 - 0x00007ffd9a2e8000 	C:\WINDOWS\System32\combase.dll
0x00007ffd984f0000 - 0x00007ffd985c7000 	C:\WINDOWS\System32\OLEAUT32.dll
0x00007ffd8fe70000 - 0x00007ffd8fea2000 	C:\WINDOWS\SYSTEM32\dbgcore.DLL
0x00007ffd97d50000 - 0x00007ffd97dcb000 	C:\WINDOWS\System32\bcryptPrimitives.dll
0x00007ffd750b0000 - 0x00007ffd750d5000 	C:\Program Files\Android\Android Studio1\jbr\bin\java.dll

dbghelp: loaded successfully - version: 4.0.5 - missing functions: none
symbol engine: initialized successfully - sym options: 0x614 - pdb path: .;C:\Program Files\Android\Android Studio1\jbr\bin;C:\WINDOWS\SYSTEM32;C:\Program Files\AVG\Antivirus;C:\WINDOWS\WinSxS\amd64_microsoft.windows.common-controls_6595b64144ccf1df_6.0.22621.3672_none_2713b9d173822955;C:\Program Files\Android\Android Studio1\jbr\bin\server

VM Arguments:
java_command: org.jetbrains.kotlin.cli.jvm.K2JVMCompiler @C:\Users\sebas\OneDrive\Documentos\AndroidProjects\PelisNow\app\build\20240714_10024178109030131710.compiler.options
java_class_path (initial): C:\Users\sebas\.gradle\caches\modules-2\files-2.1\org.jetbrains.kotlin\kotlin-compiler-embeddable\1.9.0\2c8c3a7402becca891f12739b3e9fd2dc2adbd7a\kotlin-compiler-embeddable-1.9.0.jar;C:\Users\sebas\.gradle\caches\modules-2\files-2.1\org.jetbrains.kotlin\kotlin-stdlib\1.9.0\8ee15ef0c67dc83d874f412d84378d7f0eb50b63\kotlin-stdlib-1.9.0.jar;C:\Users\sebas\.gradle\caches\modules-2\files-2.1\org.jetbrains.kotlin\kotlin-script-runtime\1.9.0\4b3102cbbb7e1b58d9d1adf89563f00069ffa7d1\kotlin-script-runtime-1.9.0.jar;C:\Users\sebas\.gradle\caches\modules-2\files-2.1\org.jetbrains.kotlin\kotlin-reflect\1.6.10\1cbe9c92c12a94eea200d23c2bbaedaf3daf5132\kotlin-reflect-1.6.10.jar;C:\Users\sebas\.gradle\caches\modules-2\files-2.1\org.jetbrains.kotlin\kotlin-daemon-embeddable\1.9.0\186543f5e28cf8d9a0290fecc2cf34301c40a65c\kotlin-daemon-embeddable-1.9.0.jar;C:\Users\sebas\.gradle\caches\modules-2\files-2.1\org.jetbrains.intellij.deps\trove4j\1.0.20200330\3afb14d5f9ceb459d724e907a21145e8ff394f02\trove4j-1.0.20200330.jar;C:\Users\sebas\.gradle\caches\modules-2\files-2.1\org.jetbrains.kotlin\kotlin-stdlib-common\1.9.0\cd65c21cfd1eec4d44ef09f9f52b6d9f8a720636\kotlin-stdlib-common-1.9.0.jar;C:\Users\sebas\.gradle\caches\modules-2\files-2.1\org.jetbrains\annotations\13.0\919f0dfe192fb4e063e7dacadee7f8bb9a2672a9\annotations-13.0.jar
Launcher Type: SUN_STANDARD

[Global flags]
     intx CICompilerCount                          = 4                                         {product} {ergonomic}
     uint ConcGCThreads                            = 2                                         {product} {ergonomic}
     uint G1ConcRefinementThreads                  = 8                                         {product} {ergonomic}
   size_t G1HeapRegionSize                         = 2097152                                   {product} {ergonomic}
    uintx GCDrainStackTargetSize                   = 64                                        {product} {ergonomic}
   size_t InitialHeapSize                          = 266338304                                 {product} {ergonomic}
   size_t MarkStackSize                            = 4194304                                   {product} {ergonomic}
   size_t MaxHeapSize                              = 4238344192                                {product} {ergonomic}
   size_t MinHeapDeltaBytes                        = 2097152                                   {product} {ergonomic}
   size_t MinHeapSize                              = 8388608                                   {product} {ergonomic}
    uintx NonNMethodCodeHeapSize                   = 5839372                                {pd product} {ergonomic}
    uintx NonProfiledCodeHeapSize                  = 122909434                              {pd product} {ergonomic}
    uintx ProfiledCodeHeapSize                     = 122909434                              {pd product} {ergonomic}
    uintx ReservedCodeCacheSize                    = 251658240                              {pd product} {ergonomic}
     bool SegmentedCodeCache                       = true                                      {product} {ergonomic}
   size_t SoftMaxHeapSize                          = 4238344192                             {manageable} {ergonomic}
     bool UseCompressedClassPointers               = true                           {product lp64_product} {ergonomic}
     bool UseCompressedOops                        = true                           {product lp64_product} {ergonomic}
     bool UseG1GC                                  = true                                      {product} {ergonomic}
     bool UseLargePagesIndividualAllocation        = false                                  {pd product} {ergonomic}

Logging:
Log output configuration:
 #0: stdout all=warning uptime,level,tags
 #1: stderr all=off uptime,level,tags

Environment Variables:
JAVA_HOME=C:\Program Files\Java\jdk-20
PATH=C:\Program Files\Common Files\Oracle\Java\javapath;C:\Windows\system32;C:\Windows;C:\Windows\System32\Wbem;C:\Windows\System32\WindowsPowerShell\v1.0\;C:\Windows\System32\OpenSSH\;C:\Program Files (x86)\NVIDIA Corporation\PhysX\Common;C:\Program Files\Git\cmd;C:\WINDOWS\system32;C:\WINDOWS;C:\WINDOWS\System32\Wbem;C:\WINDOWS\System32\WindowsPowerShell\v1.0\;C:\WINDOWS\System32\OpenSSH\;C:\Program Files\NVIDIA Corporation\NVIDIA NvDLISR;C:\Program Files\nodejs\;C:\Users\sebas\AppData\Local\Microsoft\WindowsApps;C:\Users\sebas\AppData\Local\Programs\Microsoft VS Code\bin;C:\Program Files\Android\Android Studio1\plugins\Kotlin\kotlinc\bin;C:\Program Files\Java\jdk-20\bin;C:\Users\sebas\AppData\Local\JetBrains\Toolbox\scripts;C:\Users\sebas\AppData\Roaming\npm
USERNAME=sebas
OS=Windows_NT
PROCESSOR_IDENTIFIER=Intel64 Family 6 Model 140 Stepping 1, GenuineIntel
TMP=C:\Users\sebas\AppData\Local\Temp
TEMP=C:\Users\sebas\AppData\Local\Temp



Periodic native trim disabled

JNI global refs:
JNI global refs: 0, weak refs: 0

JNI global refs memory usage: 0, weak refs: 0

OOME stack traces (most recent first):
Classloader memory used:


---------------  S Y S T E M  ---------------

OS:
 Windows 11 , 64 bit Build 22621 (10.0.22621.3672)
OS uptime: 4 days 13:11 hours

CPU: total 8 (initial active 8) (4 cores per cpu, 2 threads per core) family 6 model 140 stepping 1 microcode 0xaa, cx8, cmov, fxsr, ht, mmx, 3dnowpref, sse, sse2, sse3, ssse3, sse4.1, sse4.2, popcnt, lzcnt, tsc, tscinvbit, avx, avx2, aes, erms, clmul, bmi1, bmi2, adx, avx512f, avx512dq, avx512cd, avx512bw, avx512vl, sha, fma, vzeroupper, avx512_vpopcntdq, avx512_vpclmulqdq, avx512_vaes, avx512_vnni, clflush, clflushopt, clwb, avx512_vbmi2, avx512_vbmi
Processor Information for processor 0
  Max Mhz: 2419, Current Mhz: 2419, Mhz Limit: 2419
Processor Information for processor 1
  Max Mhz: 2419, Current Mhz: 2419, Mhz Limit: 2419
Processor Information for processor 2
  Max Mhz: 2419, Current Mhz: 1209, Mhz Limit: 2419
Processor Information for processor 3
  Max Mhz: 2419, Current Mhz: 2419, Mhz Limit: 2419
Processor Information for processor 4
  Max Mhz: 2419, Current Mhz: 2419, Mhz Limit: 2419
Processor Information for processor 5
  Max Mhz: 2419, Current Mhz: 2419, Mhz Limit: 2419
Processor Information for processor 6
  Max Mhz: 2419, Current Mhz: 2419, Mhz Limit: 2419
Processor Information for processor 7
  Max Mhz: 2419, Current Mhz: 2419, Mhz Limit: 2419

Memory: 4k page, system-wide physical 16167M (512M free)
TotalPageFile size 26167M (AvailPageFile size 135M)
current process WorkingSet (physical memory assigned to process): 11M, peak: 11M
current process commit charge ("private bytes"): 60M, peak: 314M

vm_info: OpenJDK 64-Bit Server VM (17.0.10+0--11609105) for windows-amd64 JRE (17.0.10+0--11609105), built on Mar 21 2024 19:10:56 by "androidbuild" with MS VC++ 16.10 / 16.11 (VS2019)

END.
